<?xml version="1.0" encoding="UTF-8"?>
<!-- Generated by org.testng.reporters.JUnitReportReporter -->
<testsuite skipped="0" hostname="Raj" name="TestNgPractice.TestNGBasicsTest" tests="3" failures="0" timestamp="24 Jul 2022 14:18:14 GMT" time="0.072" errors="0">
  <testcase name="substract" time="0.009" classname="TestNgPractice.TestNGBasicsTest"/>
  <testcase name="multiply" time="0.012" classname="TestNgPractice.TestNGBasicsTest"/>
  <testcase name="add" time="0.051" classname="TestNgPractice.TestNGBasicsTest"/>
</testsuite> <!-- TestNgPractice.TestNGBasicsTest -->
