<?xml version="1.0" encoding="UTF-8"?>
<!-- Generated by org.testng.reporters.JUnitReportReporter -->
<testsuite skipped="0" hostname="shambhus-MacBook-Air.local" name="TestNgPractice.ExpectedExceptionConcept" tests="1" failures="0" timestamp="06 Feb 2022 03:36:29 GMT" time="0.023" errors="0">
  <testcase name="a_Test" time="0.023" classname="TestNgPractice.ExpectedExceptionConcept"/>
</testsuite> <!-- TestNgPractice.ExpectedExceptionConcept -->
