<?xml version="1.0" encoding="UTF-8"?>
<!-- Generated by org.testng.reporters.JUnitReportReporter -->
<testsuite skipped="0" hostname="shambhus-MacBook-Air.local" name="TestNgPractice.PriorityConcept" tests="6" failures="0" timestamp="06 Feb 2022 03:22:38 GMT" time="0.029" errors="0">
  <testcase name="d_Test" time="0.018" classname="TestNgPractice.PriorityConcept"/>
  <testcase name="b_Test" time="0.003" classname="TestNgPractice.PriorityConcept"/>
  <testcase name="c_Test" time="0.002" classname="TestNgPractice.PriorityConcept"/>
  <testcase name="e_Test" time="0.001" classname="TestNgPractice.PriorityConcept"/>
  <testcase name="a_Test" time="0.004" classname="TestNgPractice.PriorityConcept"/>
  <testcase name="f_Test" time="0.001" classname="TestNgPractice.PriorityConcept"/>
</testsuite> <!-- TestNgPractice.PriorityConcept -->
