<?xml version="1.0" encoding="UTF-8"?>
<!-- Generated by org.testng.reporters.JUnitReportReporter -->
<testsuite skipped="0" hostname="shambhus-MacBook-Air.local" name="TestNgPractice.FreshworksTest" tests="10" failures="0" timestamp="05 Feb 2022 16:36:52 GMT" time="160.721" errors="0">
  <testcase name="homePageLogo" time="11.950" classname="TestNgPractice.FreshworksTest"/>
  <testcase name="getPageTitle" time="21.008" classname="TestNgPractice.FreshworksTest"/>
  <testcase name="verifyProductMenu" time="11.359" classname="TestNgPractice.FreshworksTest"/>
  <testcase name="verifyPlatformMenu" time="12.693" classname="TestNgPractice.FreshworksTest"/>
  <testcase name="verifyCompanyMenu" time="16.916" classname="TestNgPractice.FreshworksTest"/>
  <testcase name="verifyResourcesMenu" time="10.903" classname="TestNgPractice.FreshworksTest"/>
  <testcase name="verifyCustomersMenu" time="15.660" classname="TestNgPractice.FreshworksTest"/>
  <testcase name="verifySupportMenu" time="33.362" classname="TestNgPractice.FreshworksTest"/>
  <testcase name="verifyFooterSocialSection" time="11.654" classname="TestNgPractice.FreshworksTest"/>
  <testcase name="verifyTermsOfServiceSection" time="15.216" classname="TestNgPractice.FreshworksTest"/>
</testsuite> <!-- TestNgPractice.FreshworksTest -->
