<?xml version="1.0" encoding="UTF-8"?>
<!-- Generated by org.testng.reporters.JUnitReportReporter -->
<testsuite skipped="0" hostname="shambhus-MacBook-Air.local" name="TestNgPractice.InvocationCountConceptTest" tests="10" failures="0" timestamp="07 Feb 2022 03:11:51 GMT" time="0.035" errors="0">
  <testcase name="homepageSearches" time="0.003" classname="TestNgPractice.InvocationCountConceptTest"/>
  <testcase name="homepageSearches" time="0.002" classname="TestNgPractice.InvocationCountConceptTest"/>
  <testcase name="homepageSearches" time="0.015" classname="TestNgPractice.InvocationCountConceptTest"/>
  <testcase name="homepageSearches" time="0.002" classname="TestNgPractice.InvocationCountConceptTest"/>
  <testcase name="homepageSearches" time="0.002" classname="TestNgPractice.InvocationCountConceptTest"/>
  <testcase name="homepageSearches" time="0.002" classname="TestNgPractice.InvocationCountConceptTest"/>
  <testcase name="homepageSearches" time="0.001" classname="TestNgPractice.InvocationCountConceptTest"/>
  <testcase name="homepageSearches" time="0.002" classname="TestNgPractice.InvocationCountConceptTest"/>
  <testcase name="homepageSearches" time="0.002" classname="TestNgPractice.InvocationCountConceptTest"/>
  <testcase name="homepageSearches" time="0.004" classname="TestNgPractice.InvocationCountConceptTest"/>
</testsuite> <!-- TestNgPractice.InvocationCountConceptTest -->
