<?xml version="1.0" encoding="UTF-8"?>
<!-- Generated by org.testng.reporters.JUnitReportReporter -->
<testsuite skipped="0" hostname="shambhus-MacBook-Air.local" name="TestNgPractice.GoogleTPageTest" tests="2" failures="0" timestamp="21 Feb 2022 01:55:53 GMT" time="3.410" errors="0">
  <testcase name="getTitle" time="0.908" classname="TestNgPractice.GoogleTPageTest"/>
  <testcase name="verifyLogo" time="2.502" classname="TestNgPractice.GoogleTPageTest"/>
</testsuite> <!-- TestNgPractice.GoogleTPageTest -->
