<?xml version="1.0" encoding="UTF-8"?>
<!-- Generated by org.testng.reporters.JUnitReportReporter -->
<testsuite skipped="0" hostname="Raj" name="TestNgPractice.GooglePageTest" tests="2" failures="0" timestamp="24 Jul 2022 14:22:34 GMT" time="8.519" errors="0">
  <testcase name="getTitle" time="5.291" classname="TestNgPractice.GooglePageTest"/>
  <testcase name="verifyLogo" time="3.228" classname="TestNgPractice.GooglePageTest"/>
</testsuite> <!-- TestNgPractice.GooglePageTest -->
