<?xml version="1.0" encoding="UTF-8"?>
<!-- Generated by org.testng.reporters.JUnitReportReporter -->
<testsuite skipped="2" hostname="shambhus-MacBook-Air.local" name="TestNgPractice.enableDisableTest" tests="5" failures="0" timestamp="07 Feb 2022 03:34:11 GMT" time="0.032" errors="0">
  <testcase name="homepageSearches1Test" time="0.023" classname="TestNgPractice.enableDisableTest"/>
  <testcase name="homepageSearches2Test" time="0.001" classname="TestNgPractice.enableDisableTest"/>
  <testcase name="homepageSearches5Test" time="0.008" classname="TestNgPractice.enableDisableTest"/>
  <testcase name="homepageSearches4Test" classname="TestNgPractice.enableDisableTest">
    <skipped/>
  </testcase> <!-- homepageSearches4Test -->
  <testcase name="homepageSearches3Test" classname="TestNgPractice.enableDisableTest">
    <skipped/>
  </testcase> <!-- homepageSearches3Test -->
</testsuite> <!-- TestNgPractice.enableDisableTest -->
