<?xml version="1.0" encoding="UTF-8"?>
<!-- Generated by org.testng.reporters.JUnitReportReporter -->
<testsuite skipped="0" hostname="shambhus-MacBook-Air.local" name="TestNgPractice.FreshworksPageTest" tests="2" failures="0" timestamp="08 Feb 2022 02:15:05 GMT" time="11.125" errors="0">
  <testcase name="getTitle" time="7.783" classname="TestNgPractice.FreshworksPageTest"/>
  <testcase name="verifyContanctSalesBtn" time="3.342" classname="TestNgPractice.FreshworksPageTest"/>
</testsuite> <!-- TestNgPractice.FreshworksPageTest -->
