<?xml version="1.0" encoding="UTF-8"?>
<!-- Generated by org.testng.reporters.JUnitReportReporter -->
<testsuite skipped="0" hostname="Raj" name="TestNgPractice.PriorityConceptTest" tests="6" failures="0" timestamp="06 Aug 2022 11:50:11 GMT" time="0.125" errors="0">
  <testcase name="d_Test" time="0.046" classname="TestNgPractice.PriorityConceptTest"/>
  <testcase name="b_Test" time="0.016" classname="TestNgPractice.PriorityConceptTest"/>
  <testcase name="c_Test" time="0.016" classname="TestNgPractice.PriorityConceptTest"/>
  <testcase name="e_Test" time="0.016" classname="TestNgPractice.PriorityConceptTest"/>
  <testcase name="a_Test" time="0.016" classname="TestNgPractice.PriorityConceptTest"/>
  <testcase name="f_Test" time="0.015" classname="TestNgPractice.PriorityConceptTest"/>
</testsuite> <!-- TestNgPractice.PriorityConceptTest -->
