<?xml version="1.0" encoding="UTF-8"?>
<!-- Generated by org.testng.reporters.JUnitReportReporter -->
<testsuite skipped="0" hostname="shambhus-MacBook-Air.local" name="TestNgPractice.TestNGBasics" tests="3" failures="0" timestamp="03 Feb 2022 23:29:03 GMT" time="0.022" errors="0">
  <testcase name="add" time="0.017" classname="TestNgPractice.TestNGBasics"/>
  <testcase name="multiply" time="0.003" classname="TestNgPractice.TestNGBasics"/>
  <testcase name="substract" time="0.002" classname="TestNgPractice.TestNGBasics"/>
</testsuite> <!-- TestNgPractice.TestNGBasics -->
