<?xml version="1.0" encoding="UTF-8"?>
<!-- Generated by org.testng.reporters.JUnitReportReporter -->
<testsuite skipped="0" hostname="shambhus-MacBook-Air.local" name="TestNgPractice.BeforeTestFreshWorksTest" tests="10" failures="0" timestamp="05 Feb 2022 16:50:06 GMT" time="0.646" errors="0">
  <testcase name="homePageLogo" time="0.043" classname="TestNgPractice.BeforeTestFreshWorksTest"/>
  <testcase name="getPageTitle" time="0.019" classname="TestNgPractice.BeforeTestFreshWorksTest"/>
  <testcase name="verifyProductMenu" time="0.064" classname="TestNgPractice.BeforeTestFreshWorksTest"/>
  <testcase name="verifyPlatformMenu" time="0.067" classname="TestNgPractice.BeforeTestFreshWorksTest"/>
  <testcase name="verifyCompanyMenu" time="0.059" classname="TestNgPractice.BeforeTestFreshWorksTest"/>
  <testcase name="verifyResourcesMenu" time="0.054" classname="TestNgPractice.BeforeTestFreshWorksTest"/>
  <testcase name="verifyCustomersMenu" time="0.114" classname="TestNgPractice.BeforeTestFreshWorksTest"/>
  <testcase name="verifySupportMenu" time="0.114" classname="TestNgPractice.BeforeTestFreshWorksTest"/>
  <testcase name="verifyFooterSocialSection" time="0.041" classname="TestNgPractice.BeforeTestFreshWorksTest"/>
  <testcase name="verifyTermsOfServiceSection" time="0.071" classname="TestNgPractice.BeforeTestFreshWorksTest"/>
</testsuite> <!-- TestNgPractice.BeforeTestFreshWorksTest -->
