<?xml version="1.0" encoding="UTF-8"?>
<!-- Generated by org.testng.reporters.JUnitReportReporter -->
<testsuite skipped="0" hostname="shambhus-MacBook-Air.local" name="TestNgPractice.TestCaseDesign" tests="3" failures="0" timestamp="04 Feb 2022 15:21:42 GMT" time="0.025" errors="0">
  <testcase name="checkUserInfoTest" time="0.016" classname="TestNgPractice.TestCaseDesign"/>
  <testcase name="homePageTitleTest" time="0.006" classname="TestNgPractice.TestCaseDesign"/>
  <testcase name="homepageSearchTest" time="0.003" classname="TestNgPractice.TestCaseDesign"/>
</testsuite> <!-- TestNgPractice.TestCaseDesign -->
